<?xml version="1.0" encoding="UTF-8"?>
<robot generator="Robot 6.1.1 (Python 3.12.0 on win32)" generated="20231129 01:11:04.946" rpa="false" schemaversion="4">
<suite id="s1" name="Createaccountnlogin" source="c:\Users\user\Desktop\NgeeAnn\FINALSEM\DOP\prac2\DevOps_Oct2023_TeamC_Prac2\createaccountnlogin\testcases\createaccountnlogin.robot">
<test id="s1-t1" name="Create Account" line="16">
<kw name="Check Website Online">
<kw name="Create Session" library="RequestsLibrary">
<arg>${session_name}</arg>
<arg>${url}</arg>
<doc>Create Session: create a HTTP session to a server</doc>
<msg timestamp="20231129 01:11:05.250" level="INFO">Creating Session using : alias=MySession, url=https://www.lazada.sg/, headers={},                     cookies={}, auth=None, timeout=None, proxies=None, verify=False,                     debug=0 </msg>
<status status="PASS" starttime="20231129 01:11:05.249" endtime="20231129 01:11:05.252"/>
</kw>
<kw name="GET On Session" library="RequestsLibrary">
<var>${response}</var>
<arg>${session_name}</arg>
<arg>\</arg>
<doc>Sends a GET request on a previously created HTTP Session.</doc>
<msg timestamp="20231129 01:11:05.391" level="INFO">GET Request : url=https://www.lazada.sg/ 
 path_url=/ 
 headers={'User-Agent': 'python-requests/2.31.0', 'Accept-Encoding': 'gzip, deflate', 'Accept': '*/*', 'Connection': 'keep-alive'} 
 body=None 
 </msg>
<msg timestamp="20231129 01:11:05.392" level="INFO">GET Response : url=https://www.lazada.sg/ 
 status=200, reason=OK 
 headers={'Content-Type': 'text/html; charset=utf-8', 'ETag': 'W/"a9acc-sTIwWIS9mHZHRpPD1MoXWs3MvY4"', 'x-server-id': '28c3d6b2523ca52c32ad72931842b19aba458aa0372c0fdd63c3c050fa7408a97a86a5a8c7918b1721bc758116bc5e4d', 'beacon-proxy': 'off', 'x-readtime': '171', 'Content-Encoding': 'gzip', 'Server': 'Tengine/Aserver', 'EagleEye-TraceId': '2141109417011914630295818e8434', 'Strict-Transport-Security': 'max-age=31536000', 'Timing-Allow-Origin': '*', 'Cache-Control': 'max-age=0, s-maxage=5', 'Date': 'Tue, 28 Nov 2023 17:11:03 GMT', 'Alt-Svc': 'h3=":443"; ma=93600', 'Content-Length': '76052', 'Connection': 'keep-alive', 'Vary': 'Accept-Encoding', 'Object-Status': 'ttl=5,age=4,gip=2406:3000:1000:185::15a5'} 
 body=

&lt;!DOCTYPE HTML&gt;&lt;html&gt;&lt;head&gt;&lt;meta name="page-url" content="https://pages.lazada.sg/wow/gcp/route/lazada/sg/upr_1000345_lazada/channel/sg/upr-router/sg?hybrid=1&amp;data_prefetch=true&amp;prefetch_replace=1&amp;at_iframe=1&amp;wh_pid=/lazada/channel/sg/homepage/home" &gt;&lt;link rel="dns-prefetch" href="//g.lazcdn.com/"&gt;&lt;link rel="dns-prefetch" href="//d.alicdn.com/"&gt;&lt;link rel="dns-prefetch" href="//lzd-img-global.slatic.net/"&gt;&lt;link rel="dns-prefetch" href="//acs-m.lazada.sg"&gt;&lt;link rel="preload" href="//g.lazcdn.com/res-d/alilog/mlog/aplus/202980191.js" as="script"&gt;&lt;link rel="preload" crossorigin="anonymous" href="//g.lazcdn.com/g/woodpeckerx/itrace-next/??itrace-jserror.iife.js,itrace-interface.iife.js,itrace-perf.iife.js,itrace-flow.iife.js,itrace-blank.iife.js,itrace-resource.iife.js,itrace.iife.js" as="script"&gt;&lt;link rel="preload" crossorigin="anonymous" href="https://g.lazcdn.com/res-o/lzdfe/lzd-h5-itrace/index.js" as="script"&gt;

&lt;meta charset="utf-8"&gt;&lt;meta name="aplus-waiting" content="MAN"&gt;&lt;meta name="aplus-vt-cfg" content="1"&gt;&lt;meta name="aplus-version" content="202980191"&gt;&lt;meta name="wpk-bid" content="t8h20ib5-k98ohdir"&gt;&lt;meta name="wpk-ctrid" content="lzdgcpmp"&gt;&lt;link rel="manifest" id="manifest-placeholder"&gt;&lt;meta name="lzd-itrace-close-auto-monitor" content="selfDefineFSP"&gt;&lt;meta name="keywords" content=""&gt;&lt;meta name="description" content=""&gt;&lt;meta name="wh-pid" content="/lazada/channel/sg/homepage/home"&gt;&lt;meta name="itrace-importing-rate" content="0.25"&gt;&lt;title&gt;&lt;/title&gt;&lt;link rel="shortcut icon" href="//lzd-img-global.slatic.net/g/tps/tfs/TB1e_.JhHY1gK0jSZTEXXXDQVXa-64-64.png"&gt;&lt;script&gt;
window.g_config = window.g_config || {};
window.g_config.language = "en";
window.g_config.regionID = "SG";
&lt;/script&gt;

  
  



&lt;style&gt;
  *[style*=NotoSans-Regular i] {
    font-family: NotoSans-Regular,-apple-system,BlinkMacSystemFont,Roboto,"Helvetica Neue",Helvetica,Tahoma,Arial,"PingFang SC","Microsoft YaHei",sans-serif !important;
    font-weight: 400;
  }
  *[style*=NotoSans-SemiBold i] {
    font-family: NotoSans-SemiBold,-apple-system,BlinkMacSystemFont,Roboto,"Helvetica Neue",Helvetica,Tahoma,Arial,"PingFang SC","Microsoft YaHei",sans-serif !important;
    font-weight: 500;
  }
  *[style*=NotoSans-Bold i] {
    font-family: NotoSans-Bold,-apple-system,BlinkMacSystemFont,Roboto,"Helvetica Neue",Helvetica,Tahoma,Arial,"PingFang SC","Microsoft YaHei",sans-serif !important;
    font-weight: 700;
  }
&lt;/style&gt;


&lt;style&gt;
  *[style*=NotoSans-SemiBold i], *[style*=NotoSans-Bold i] {
    letter-spacing: -0.5px;
  }
&lt;/style&gt;
&lt;style&gt;*{margin:0;padding:0}a{text-decoration:none}button,hr,input{overflow:visible}progress,sub,sup{vertical-align:baseline}[type=checkbox],[type=radio],legend{-moz-box-sizing:border-box;box-sizing:border-box;padding:0}a,a:hover{text-decoration:none}a,html{-webkit-tap-highlight-color:transparent}body{font-family:NotoSans-Regular,-apple-system,BlinkMacSystemFont,Roboto,Helvetica Neue,Helvetica,Tahoma,Arial,PingFang SC,Microsoft YaHei,sans-serif!important;margin:0}details,main{display:block}h1{font-size:2em;margin:.67em 0}hr{-moz-box-sizing:content-box;box-sizing:content-box;height:0}code,kbd,pre,samp{font-family:NotoSans-Regular;font-size:1em}a{background-color:transparent}abbr[title]{border-bottom:none;text-decoration:underline;-webkit-text-decoration:underline dotted;-moz-text-decoration:underline dotted;text-decoration:underline dotted}b,strong{font-weight:bolder}small{font-size:80%}sub,sup{font-size:75%;line-height:0;position:relative}sub{bottom:-.25em}sup{top:-.5em}img{border-style:none}button,input,optgroup,select,textarea{font-family:inherit;font-size:100%;margin:0}button,select{text-transform:none}[type=button],[type=reset],[type=submit],button{-webkit-appearance:button}[type=button]::-moz-focus-inner,[type=reset]::-moz-focus-inner,[type=submit]::-moz-focus-inner,button::-moz-focus-inner{border-style:none;padding:0}[type=button]:-moz-focusring,[type=reset]:-moz-focusring,[type=submit]:-moz-focusring,button:-moz-focusring{outline:1px dotted ButtonText}fieldset{padding:.35em .75em .625em}legend{color:inherit;display:table;max-width:100%;white-space:normal}textarea{overflow:auto}[type=number]::-webkit-inner-spin-button,[type=number]::-webkit-outer-spin-button{height:auto}[type=search]{-webkit-appearance:textfield;outline-offset:-2px}[type=search]::-webkit-search-decoration{-webkit-appearance:none}::-webkit-file-upload-button{-webkit-appearance:button;font:inherit}summary{display:list-item}[hidden],template{display:none}table{border-collapse:separate;border-spacing:0}caption,td,th{text-align:left;font-weight:400}table,td,th{vertical-align:middle}blockquote:after,blockquote:before,q:after,q:before{content:""}blockquote,q{quotes:"" ""}a img{border:none}html{font-family:NotoSans-Regular,-apple-system,BlinkMacSystemFont,Roboto,Helvetica Neue,Helvetica,Tahoma,Arial,PingFang SC,Microsoft YaHei,sans-serif;font-weight:400;font-size:100%;line-height:1.15}.lzd-font-thin{font-weight:300}.lzd-font-normal{font-weight:400}.lzd-font-bold{font-weight:500}.lzd-font-bolder{font-weight:600}.lzd-font-small{font-size:12px}.lzd-font-normal{font-size:14px}.lzd-font-large{font-size:16px}.lzd-font-larger{font-size:18px}.lzd-theme-color{color:#ff330c}.lzd-text-overflow{overflow:hidden;text-overflow:ellipsis;white-space:nowrap}.lzd-base-mask{position:absolute;top:0;bottom:0;left:0;right:0;width:100%;height:100%;background:rgba(0,0,0,.03)}.lzd-base-center{display:-webkit-flex;display:-moz-box;display:flex;-webkit-align-items:center;-moz-box-align:center;align-items:center;-webkit-justify-content:center;-moz-box-pack:center;justify-content:center}.lzd-icon-navigation-arrow:hover{background:rgba(0,0,0,.15)!important}.laz-icon-navigation-hover:hover{color:#fe4960!important}.lzd-voucher-arrow:hover{background:rgba(0,0,0,.3)!important}.lzd-two-line-ellipsis{overflow:hidden;text-overflow:ellipsis;display:-webkit-box;-webkit-box-orient:vertical;-webkit-line-clamp:2}.lzd-item-hover-mask:hover{opacity:1!important}.product-list .product-row:last-child{margin-bottom:0!important}.elevator-tab-item:hover{background-image:-webkit-linear-gradient(314deg,#ff933f,#f93782 67%,#f93782)!important;background-image:linear-gradient(136deg,#ff933f,#f93782 67%,#f93782)!important}.elevator-tab-item span:hover{color:#fff!important}.lzd-rwb-bottom-bar-placeholder{height:52px}@media only screen and (device-width:375px) and (device-height:812px),screen and (device-width:414px) and (device-height:896px){.lzdrwb-navigation-base{padding-bottom:17px}.lzd-rwb-bottom-bar-placeholder{height:69px}}.rax-view-v2{-moz-box-sizing:border-box;box-sizing:border-box;display:-webkit-flex;display:-moz-box;display:flex;-webkit-flex-direction:column;-moz-box-orient:vertical;-moz-box-direction:normal;flex-direction:column;-webkit-flex-shrink:0;flex-shrink:0;-webkit-align-content:flex-start;align-content:flex-start;border:0 solid #000;margin:0;padding:0;min-width:0}.circle{display:block;width:52px;height:52px;margin:5px;position:absolute;left:50%;top:50%;-webkit-transform:translate(-50%,-50%);transform:translate(-50%,-50%)}.circle-loading{width:100%;height:100%;position:absolute;border-radius:50%;-webkit-transition:-webkit-clip-path .2s;transition:-webkit-clip-path .2s;transition:clip-path .2s;transition:clip-path .2s,-webkit-clip-path .2s;background:conic-gradient(#fff,50%,#fe4960);--mask:radial-gradient(closest-side,transparent 92%,#000 0);-webkit-mask-image:var(--mask);mask-image:var(--mask);-webkit-animation:spin 1s linear infinite;animation:spin 1s linear infinite}.circle img{display:block;width:100%;height:100%}.lzd-gcp-load-more-wrapper{width:100vw;height:52px}.lzd-gcp-load-more-circle,.lzd-gcp-load-more-wrapper{display:-webkit-flex;display:-moz-box;display:flex;-webkit-justify-content:center;-moz-box-pack:center;justify-content:center;-webkit-align-items:center;-moz-box-align:center;align-items:center}.lzd-gcp-load-more-circle{background-color:#fff;height:40px;width:40px;border-radius:50%;position:relative}.lzd-gcp-load-more-circle-ext{width:95%;height:95%;position:absolute;background-color:hsla(0,0%,100%,0);border-radius:50%;z-index:1}.lzd-gcp-load-more-circle-loading{width:90%;height:90%;position:absolute;border-radius:50%;-webkit-transition:-webkit-clip-path .2s;transition:-webkit-clip-path .2s;transition:clip-path .2s;transition:clip-path .2s,-webkit-clip-path .2s;background:conic-gradient(#fff,60%,#fe4960);-webkit-animation:spin 1s linear infinite;animation:spin 1s linear infinite;will-change:transform}.lzd-gcp-load-more-wrapper img{width:85%;height:85%;background-color:#fff;border-radius:50%;position:relative}@-webkit-keyframes spin{0%{-webkit-transform:rotate(0deg);transform:rotate(0deg)}to{-webkit-transform:rotate(1turn);transform:rotate(1turn)}}@keyframes spin{0%{-webkit-transform:rotate(0deg);transform:rotate(0deg)}to{-webkit-transform:rotate(1turn);transform:rotate(1turn)}}.__hide_scrollbar__::-webkit-scrollbar{display:none}.picture-wrapper{align-items:center;display:inline-flex;height:100%;justify-content:center;overflow:hidden;width:100%}.picture-wrapper&gt;img{display:inline-block;height:auto;max-height:100%;max-width:100%;width:auto}
.rax-scrollview-vertical{display:flex;flex-direction:column}.rax-scrollview-horizontal{display:flex;flex-direction:row}.rax-scrollview-content-container-horizontal{flex-direction:column;flex-direction:row}.rax-scrollview-content-container-horizontal,.rax-scrollview-webcontainer{align-content:flex-start;border:0 solid #000;box-sizing:border-box;display:flex;flex-shrink:0;margin:0;min-width:0;padding:0}.rax-scrollview-webcontainer{display:block;flex-direction:column}
/*! normalize-scss | MIT/GPLv2 License | bit.ly/normalize-scss */button,hr,input{overflow:visible}[type=checkbox],[type=radio],legend{padding:0;box-sizing:border-box}audio,canvas,progress,video{display:inline-block}progress,sub,sup{vertical-align:baseline}.site-nav,sub,sup{position:relative}html{line-height:1.15;-ms-text-size-adjust:100%;-webkit-text-size-adjust:100%}article,aside,details,fi... (set the log level to DEBUG or TRACE to see the full content) 
 </msg>
<msg timestamp="20231129 01:11:05.393" level="INFO">C:\Users\user\AppData\Roaming\Python\Python312\site-packages\urllib3\connectionpool.py:1100: InsecureRequestWarning: Unverified HTTPS request is being made to host 'www.lazada.sg'. Adding certificate verification is strongly advised. See: https://urllib3.readthedocs.io/en/latest/advanced-usage.html#tls-warnings
  warnings.warn(</msg>
<msg timestamp="20231129 01:11:05.393" level="INFO">${response} = &lt;Response [200]&gt;</msg>
<status status="PASS" starttime="20231129 01:11:05.253" endtime="20231129 01:11:05.393"/>
</kw>
<kw name="Should Be Equal As Strings" library="BuiltIn">
<arg>${response.status_code}</arg>
<arg>200</arg>
<doc>Fails if objects are unequal after converting them to strings.</doc>
<msg timestamp="20231129 01:11:05.394" level="INFO">Argument types are:
&lt;class 'int'&gt;
&lt;class 'str'&gt;</msg>
<status status="PASS" starttime="20231129 01:11:05.393" endtime="20231129 01:11:05.394"/>
</kw>
<status status="PASS" starttime="20231129 01:11:05.249" endtime="20231129 01:11:05.394"/>
</kw>
<kw name="Open Browser" library="SeleniumLibrary">
<arg>${url}</arg>
<arg>chrome</arg>
<doc>Opens a new browser instance to the optional ``url``.</doc>
<msg timestamp="20231129 01:11:05.395" level="INFO">Opening browser 'chrome' to base url 'https://www.lazada.sg/'.</msg>
<status status="PASS" starttime="20231129 01:11:05.395" endtime="20231129 01:11:29.822"/>
</kw>
<kw name="Click Element" library="SeleniumLibrary">
<arg>${sign_up_button}</arg>
<doc>Click the element identified by ``locator``.</doc>
<msg timestamp="20231129 01:11:29.823" level="INFO">Clicking element '//a[.//text() = 'sign up']'.</msg>
<status status="PASS" starttime="20231129 01:11:29.823" endtime="20231129 01:11:53.288"/>
</kw>
<kw name="Click Element" library="SeleniumLibrary">
<arg>${sign_up_using_email_button}</arg>
<doc>Click the element identified by ``locator``.</doc>
<msg timestamp="20231129 01:11:53.290" level="INFO">Clicking element '//button[.//text() = 'Sign up with Email']'.</msg>
<status status="PASS" starttime="20231129 01:11:53.289" endtime="20231129 01:12:15.786"/>
</kw>
<kw name="Input Text" library="SeleniumLibrary">
<arg>locator=${email_input_01}</arg>
<arg>text=${email}</arg>
<doc>Types the given ``text`` into the text field identified by ``locator``.</doc>
<msg timestamp="20231129 01:12:15.788" level="INFO">Typing text 'basicEmailEver@gmail.com' into text field '//input[@placeholder='Please enter your email']'.</msg>
<status status="PASS" starttime="20231129 01:12:15.787" endtime="20231129 01:12:16.089"/>
</kw>
<kw name="Input Text" library="SeleniumLibrary">
<arg>locator=${full_name_input}</arg>
<arg>text=${full_name}</arg>
<doc>Types the given ``text`` into the text field identified by ``locator``.</doc>
<msg timestamp="20231129 01:12:16.091" level="INFO">Typing text 'Basic NameEver' into text field '//input[@placeholder='First Last']'.</msg>
<status status="PASS" starttime="20231129 01:12:16.090" endtime="20231129 01:12:16.194"/>
</kw>
<kw name="Click Element" library="SeleniumLibrary">
<arg>${notif_checkbox}</arg>
<doc>Click the element identified by ``locator``.</doc>
<msg timestamp="20231129 01:12:16.196" level="INFO">Clicking element '//input[@id='enableNewsletter']'.</msg>
<status status="PASS" starttime="20231129 01:12:16.195" endtime="20231129 01:12:16.926"/>
</kw>
<kw name="Input Text" library="SeleniumLibrary">
<arg>locator=${password_input_01}</arg>
<arg>text=${password}</arg>
<doc>Types the given ``text`` into the text field identified by ``locator``.</doc>
<msg timestamp="20231129 01:12:16.928" level="INFO">Typing text 'P@55w0rd123@' into text field '//input[@placeholder='Minimum 8 characters with number, letter and characters.']'.</msg>
<status status="PASS" starttime="20231129 01:12:16.927" endtime="20231129 01:12:17.077"/>
</kw>
<kw name="Click Element" library="SeleniumLibrary">
<arg>${month_dropdown}</arg>
<doc>Click the element identified by ``locator``.</doc>
<msg timestamp="20231129 01:12:17.079" level="INFO">Clicking element '//span[@id='month']'.</msg>
<status status="PASS" starttime="20231129 01:12:17.078" endtime="20231129 01:12:17.260"/>
</kw>
<kw name="Sleep" library="BuiltIn">
<arg>1s</arg>
<doc>Pauses the test executed for the given time.</doc>
<msg timestamp="20231129 01:12:18.262" level="INFO">Slept 1 second</msg>
<status status="PASS" starttime="20231129 01:12:17.260" endtime="20231129 01:12:18.262"/>
</kw>
<kw name="Click Element" library="SeleniumLibrary">
<arg>${month}</arg>
<doc>Click the element identified by ``locator``.</doc>
<msg timestamp="20231129 01:12:18.263" level="INFO">Clicking element '//ul[@class='next-menu-content']/li[4]'.</msg>
<status status="PASS" starttime="20231129 01:12:18.262" endtime="20231129 01:12:18.322"/>
</kw>
<kw name="Click Element" library="SeleniumLibrary">
<arg>${day_dropdown}</arg>
<doc>Click the element identified by ``locator``.</doc>
<msg timestamp="20231129 01:12:18.323" level="INFO">Clicking element '//span[@id='day']'.</msg>
<status status="PASS" starttime="20231129 01:12:18.322" endtime="20231129 01:12:18.392"/>
</kw>
<kw name="Sleep" library="BuiltIn">
<arg>1s</arg>
<doc>Pauses the test executed for the given time.</doc>
<msg timestamp="20231129 01:12:19.393" level="INFO">Slept 1 second</msg>
<status status="PASS" starttime="20231129 01:12:18.393" endtime="20231129 01:12:19.393"/>
</kw>
<kw name="Click Element" library="SeleniumLibrary">
<arg>${day}</arg>
<doc>Click the element identified by ``locator``.</doc>
<msg timestamp="20231129 01:12:19.395" level="INFO">Clicking element '//ul[@class='next-menu-content']/li[27]'.</msg>
<status status="PASS" starttime="20231129 01:12:19.394" endtime="20231129 01:12:19.439"/>
</kw>
<kw name="Click Element" library="SeleniumLibrary">
<arg>${year_dropdown}</arg>
<doc>Click the element identified by ``locator``.</doc>
<msg timestamp="20231129 01:12:19.440" level="INFO">Clicking element '//span[@id='year']'.</msg>
<status status="PASS" starttime="20231129 01:12:19.440" endtime="20231129 01:12:19.507"/>
</kw>
<kw name="Sleep" library="BuiltIn">
<arg>1s</arg>
<doc>Pauses the test executed for the given time.</doc>
<msg timestamp="20231129 01:12:20.508" level="INFO">Slept 1 second</msg>
<status status="PASS" starttime="20231129 01:12:19.508" endtime="20231129 01:12:20.508"/>
</kw>
<kw name="Click Element" library="SeleniumLibrary">
<arg>${year}</arg>
<doc>Click the element identified by ``locator``.</doc>
<msg timestamp="20231129 01:12:20.509" level="INFO">Clicking element '//ul[@class='next-menu-content']/li[23]'.</msg>
<status status="PASS" starttime="20231129 01:12:20.509" endtime="20231129 01:12:20.608"/>
</kw>
<kw name="Click Element" library="SeleniumLibrary">
<arg>${gender_dropdown}</arg>
<doc>Click the element identified by ``locator``.</doc>
<msg timestamp="20231129 01:12:20.609" level="INFO">Clicking element '//span[@id='gender']'.</msg>
<status status="PASS" starttime="20231129 01:12:20.609" endtime="20231129 01:12:20.687"/>
</kw>
<kw name="Sleep" library="BuiltIn">
<arg>1s</arg>
<doc>Pauses the test executed for the given time.</doc>
<msg timestamp="20231129 01:12:21.689" level="INFO">Slept 1 second</msg>
<status status="PASS" starttime="20231129 01:12:20.687" endtime="20231129 01:12:21.689"/>
</kw>
<kw name="Click Element" library="SeleniumLibrary">
<arg>${gender}</arg>
<doc>Click the element identified by ``locator``.</doc>
<msg timestamp="20231129 01:12:21.689" level="INFO">Clicking element '//ul[@class='next-menu-content']/li[2]'.</msg>
<status status="PASS" starttime="20231129 01:12:21.689" endtime="20231129 01:12:21.732"/>
</kw>
<kw name="Pause Execution" library="Dialogs">
<doc>Pauses execution until user clicks ``Ok`` button.</doc>
<status status="PASS" starttime="20231129 01:12:21.733" endtime="20231129 01:12:24.853"/>
</kw>
<kw name="Close Browser" library="SeleniumLibrary">
<doc>Closes the current browser.</doc>
<status status="PASS" starttime="20231129 01:12:24.854" endtime="20231129 01:12:27.319"/>
</kw>
<doc>This is to fill in the sign up form and try to bypass the robot detection system using Pause Execution to manually slide/capcha</doc>
<status status="PASS" starttime="20231129 01:11:05.248" endtime="20231129 01:12:27.320"/>
</test>
<test id="s1-t2" name="Login" line="41">
<kw name="Check Website Online">
<kw name="Create Session" library="RequestsLibrary">
<arg>${session_name}</arg>
<arg>${url}</arg>
<doc>Create Session: create a HTTP session to a server</doc>
<msg timestamp="20231129 01:12:27.323" level="INFO">Creating Session using : alias=MySession, url=https://www.lazada.sg/, headers={},                     cookies={}, auth=None, timeout=None, proxies=None, verify=False,                     debug=0 </msg>
<status status="PASS" starttime="20231129 01:12:27.323" endtime="20231129 01:12:27.324"/>
</kw>
<kw name="GET On Session" library="RequestsLibrary">
<var>${response}</var>
<arg>${session_name}</arg>
<arg>\</arg>
<doc>Sends a GET request on a previously created HTTP Session.</doc>
<msg timestamp="20231129 01:12:27.462" level="INFO">GET Request : url=https://www.lazada.sg/ 
 path_url=/ 
 headers={'User-Agent': 'python-requests/2.31.0', 'Accept-Encoding': 'gzip, deflate', 'Accept': '*/*', 'Connection': 'keep-alive'} 
 body=None 
 </msg>
<msg timestamp="20231129 01:12:27.464" level="INFO">GET Response : url=https://www.lazada.sg/ 
 status=200, reason=OK 
 headers={'Content-Type': 'text/html; charset=utf-8', 'ETag': 'W/"a9acc-Fh/xcKoQRUmxSPbm//P3Ahtc6r0"', 'x-server-id': '28c3d6b2523ca52c32ad72931842b19ac2e6229cd44571263e9e5290697631ddfb18bb2c51009db8166e40d4a73a13ee', 'beacon-proxy': 'off', 'x-readtime': '195', 'Content-Encoding': 'gzip', 'Server': 'Tengine/Aserver', 'EagleEye-TraceId': '2102fc1d17011915450924917e5a4c', 'Strict-Transport-Security': 'max-age=31536000', 'Timing-Allow-Origin': '*', 'Content-Length': '76033', 'Cache-Control': 'max-age=0, s-maxage=5', 'Date': 'Tue, 28 Nov 2023 17:12:25 GMT', 'Alt-Svc': 'h3=":443"; ma=93600', 'Connection': 'keep-alive', 'Vary': 'Accept-Encoding', 'Object-Status': 'ttl=5,age=4,gip=2406:3000:1000:181::15a5'} 
 body=

&lt;!DOCTYPE HTML&gt;&lt;html&gt;&lt;head&gt;&lt;meta name="page-url" content="https://pages.lazada.sg/wow/gcp/route/lazada/sg/upr_1000345_lazada/channel/sg/upr-router/sg?hybrid=1&amp;data_prefetch=true&amp;prefetch_replace=1&amp;at_iframe=1&amp;wh_pid=/lazada/channel/sg/homepage/home" &gt;&lt;link rel="dns-prefetch" href="//g.lazcdn.com/"&gt;&lt;link rel="dns-prefetch" href="//d.alicdn.com/"&gt;&lt;link rel="dns-prefetch" href="//lzd-img-global.slatic.net/"&gt;&lt;link rel="dns-prefetch" href="//acs-m.lazada.sg"&gt;&lt;link rel="preload" href="//g.lazcdn.com/res-d/alilog/mlog/aplus/202980191.js" as="script"&gt;&lt;link rel="preload" crossorigin="anonymous" href="//g.lazcdn.com/g/woodpeckerx/itrace-next/??itrace-jserror.iife.js,itrace-interface.iife.js,itrace-perf.iife.js,itrace-flow.iife.js,itrace-blank.iife.js,itrace-resource.iife.js,itrace.iife.js" as="script"&gt;&lt;link rel="preload" crossorigin="anonymous" href="https://g.lazcdn.com/res-o/lzdfe/lzd-h5-itrace/index.js" as="script"&gt;

&lt;meta charset="utf-8"&gt;&lt;meta name="aplus-waiting" content="MAN"&gt;&lt;meta name="aplus-vt-cfg" content="1"&gt;&lt;meta name="aplus-version" content="202980191"&gt;&lt;meta name="wpk-bid" content="t8h20ib5-k98ohdir"&gt;&lt;meta name="wpk-ctrid" content="lzdgcpmp"&gt;&lt;link rel="manifest" id="manifest-placeholder"&gt;&lt;meta name="lzd-itrace-close-auto-monitor" content="selfDefineFSP"&gt;&lt;meta name="keywords" content=""&gt;&lt;meta name="description" content=""&gt;&lt;meta name="wh-pid" content="/lazada/channel/sg/homepage/home"&gt;&lt;meta name="itrace-importing-rate" content="0.25"&gt;&lt;title&gt;&lt;/title&gt;&lt;link rel="shortcut icon" href="//lzd-img-global.slatic.net/g/tps/tfs/TB1e_.JhHY1gK0jSZTEXXXDQVXa-64-64.png"&gt;&lt;script&gt;
window.g_config = window.g_config || {};
window.g_config.language = "en";
window.g_config.regionID = "SG";
&lt;/script&gt;

  
  



&lt;style&gt;
  *[style*=NotoSans-Regular i] {
    font-family: NotoSans-Regular,-apple-system,BlinkMacSystemFont,Roboto,"Helvetica Neue",Helvetica,Tahoma,Arial,"PingFang SC","Microsoft YaHei",sans-serif !important;
    font-weight: 400;
  }
  *[style*=NotoSans-SemiBold i] {
    font-family: NotoSans-SemiBold,-apple-system,BlinkMacSystemFont,Roboto,"Helvetica Neue",Helvetica,Tahoma,Arial,"PingFang SC","Microsoft YaHei",sans-serif !important;
    font-weight: 500;
  }
  *[style*=NotoSans-Bold i] {
    font-family: NotoSans-Bold,-apple-system,BlinkMacSystemFont,Roboto,"Helvetica Neue",Helvetica,Tahoma,Arial,"PingFang SC","Microsoft YaHei",sans-serif !important;
    font-weight: 700;
  }
&lt;/style&gt;


&lt;style&gt;
  *[style*=NotoSans-SemiBold i], *[style*=NotoSans-Bold i] {
    letter-spacing: -0.5px;
  }
&lt;/style&gt;
&lt;style&gt;*{margin:0;padding:0}a{text-decoration:none}button,hr,input{overflow:visible}progress,sub,sup{vertical-align:baseline}[type=checkbox],[type=radio],legend{-moz-box-sizing:border-box;box-sizing:border-box;padding:0}a,a:hover{text-decoration:none}a,html{-webkit-tap-highlight-color:transparent}body{font-family:NotoSans-Regular,-apple-system,BlinkMacSystemFont,Roboto,Helvetica Neue,Helvetica,Tahoma,Arial,PingFang SC,Microsoft YaHei,sans-serif!important;margin:0}details,main{display:block}h1{font-size:2em;margin:.67em 0}hr{-moz-box-sizing:content-box;box-sizing:content-box;height:0}code,kbd,pre,samp{font-family:NotoSans-Regular;font-size:1em}a{background-color:transparent}abbr[title]{border-bottom:none;text-decoration:underline;-webkit-text-decoration:underline dotted;-moz-text-decoration:underline dotted;text-decoration:underline dotted}b,strong{font-weight:bolder}small{font-size:80%}sub,sup{font-size:75%;line-height:0;position:relative}sub{bottom:-.25em}sup{top:-.5em}img{border-style:none}button,input,optgroup,select,textarea{font-family:inherit;font-size:100%;margin:0}button,select{text-transform:none}[type=button],[type=reset],[type=submit],button{-webkit-appearance:button}[type=button]::-moz-focus-inner,[type=reset]::-moz-focus-inner,[type=submit]::-moz-focus-inner,button::-moz-focus-inner{border-style:none;padding:0}[type=button]:-moz-focusring,[type=reset]:-moz-focusring,[type=submit]:-moz-focusring,button:-moz-focusring{outline:1px dotted ButtonText}fieldset{padding:.35em .75em .625em}legend{color:inherit;display:table;max-width:100%;white-space:normal}textarea{overflow:auto}[type=number]::-webkit-inner-spin-button,[type=number]::-webkit-outer-spin-button{height:auto}[type=search]{-webkit-appearance:textfield;outline-offset:-2px}[type=search]::-webkit-search-decoration{-webkit-appearance:none}::-webkit-file-upload-button{-webkit-appearance:button;font:inherit}summary{display:list-item}[hidden],template{display:none}table{border-collapse:separate;border-spacing:0}caption,td,th{text-align:left;font-weight:400}table,td,th{vertical-align:middle}blockquote:after,blockquote:before,q:after,q:before{content:""}blockquote,q{quotes:"" ""}a img{border:none}html{font-family:NotoSans-Regular,-apple-system,BlinkMacSystemFont,Roboto,Helvetica Neue,Helvetica,Tahoma,Arial,PingFang SC,Microsoft YaHei,sans-serif;font-weight:400;font-size:100%;line-height:1.15}.lzd-font-thin{font-weight:300}.lzd-font-normal{font-weight:400}.lzd-font-bold{font-weight:500}.lzd-font-bolder{font-weight:600}.lzd-font-small{font-size:12px}.lzd-font-normal{font-size:14px}.lzd-font-large{font-size:16px}.lzd-font-larger{font-size:18px}.lzd-theme-color{color:#ff330c}.lzd-text-overflow{overflow:hidden;text-overflow:ellipsis;white-space:nowrap}.lzd-base-mask{position:absolute;top:0;bottom:0;left:0;right:0;width:100%;height:100%;background:rgba(0,0,0,.03)}.lzd-base-center{display:-webkit-flex;display:-moz-box;display:flex;-webkit-align-items:center;-moz-box-align:center;align-items:center;-webkit-justify-content:center;-moz-box-pack:center;justify-content:center}.lzd-icon-navigation-arrow:hover{background:rgba(0,0,0,.15)!important}.laz-icon-navigation-hover:hover{color:#fe4960!important}.lzd-voucher-arrow:hover{background:rgba(0,0,0,.3)!important}.lzd-two-line-ellipsis{overflow:hidden;text-overflow:ellipsis;display:-webkit-box;-webkit-box-orient:vertical;-webkit-line-clamp:2}.lzd-item-hover-mask:hover{opacity:1!important}.product-list .product-row:last-child{margin-bottom:0!important}.elevator-tab-item:hover{background-image:-webkit-linear-gradient(314deg,#ff933f,#f93782 67%,#f93782)!important;background-image:linear-gradient(136deg,#ff933f,#f93782 67%,#f93782)!important}.elevator-tab-item span:hover{color:#fff!important}.lzd-rwb-bottom-bar-placeholder{height:52px}@media only screen and (device-width:375px) and (device-height:812px),screen and (device-width:414px) and (device-height:896px){.lzdrwb-navigation-base{padding-bottom:17px}.lzd-rwb-bottom-bar-placeholder{height:69px}}.rax-view-v2{-moz-box-sizing:border-box;box-sizing:border-box;display:-webkit-flex;display:-moz-box;display:flex;-webkit-flex-direction:column;-moz-box-orient:vertical;-moz-box-direction:normal;flex-direction:column;-webkit-flex-shrink:0;flex-shrink:0;-webkit-align-content:flex-start;align-content:flex-start;border:0 solid #000;margin:0;padding:0;min-width:0}.circle{display:block;width:52px;height:52px;margin:5px;position:absolute;left:50%;top:50%;-webkit-transform:translate(-50%,-50%);transform:translate(-50%,-50%)}.circle-loading{width:100%;height:100%;position:absolute;border-radius:50%;-webkit-transition:-webkit-clip-path .2s;transition:-webkit-clip-path .2s;transition:clip-path .2s;transition:clip-path .2s,-webkit-clip-path .2s;background:conic-gradient(#fff,50%,#fe4960);--mask:radial-gradient(closest-side,transparent 92%,#000 0);-webkit-mask-image:var(--mask);mask-image:var(--mask);-webkit-animation:spin 1s linear infinite;animation:spin 1s linear infinite}.circle img{display:block;width:100%;height:100%}.lzd-gcp-load-more-wrapper{width:100vw;height:52px}.lzd-gcp-load-more-circle,.lzd-gcp-load-more-wrapper{display:-webkit-flex;display:-moz-box;display:flex;-webkit-justify-content:center;-moz-box-pack:center;justify-content:center;-webkit-align-items:center;-moz-box-align:center;align-items:center}.lzd-gcp-load-more-circle{background-color:#fff;height:40px;width:40px;border-radius:50%;position:relative}.lzd-gcp-load-more-circle-ext{width:95%;height:95%;position:absolute;background-color:hsla(0,0%,100%,0);border-radius:50%;z-index:1}.lzd-gcp-load-more-circle-loading{width:90%;height:90%;position:absolute;border-radius:50%;-webkit-transition:-webkit-clip-path .2s;transition:-webkit-clip-path .2s;transition:clip-path .2s;transition:clip-path .2s,-webkit-clip-path .2s;background:conic-gradient(#fff,60%,#fe4960);-webkit-animation:spin 1s linear infinite;animation:spin 1s linear infinite;will-change:transform}.lzd-gcp-load-more-wrapper img{width:85%;height:85%;background-color:#fff;border-radius:50%;position:relative}@-webkit-keyframes spin{0%{-webkit-transform:rotate(0deg);transform:rotate(0deg)}to{-webkit-transform:rotate(1turn);transform:rotate(1turn)}}@keyframes spin{0%{-webkit-transform:rotate(0deg);transform:rotate(0deg)}to{-webkit-transform:rotate(1turn);transform:rotate(1turn)}}.__hide_scrollbar__::-webkit-scrollbar{display:none}.picture-wrapper{align-items:center;display:inline-flex;height:100%;justify-content:center;overflow:hidden;width:100%}.picture-wrapper&gt;img{display:inline-block;height:auto;max-height:100%;max-width:100%;width:auto}
.rax-scrollview-vertical{display:flex;flex-direction:column}.rax-scrollview-horizontal{display:flex;flex-direction:row}.rax-scrollview-content-container-horizontal{flex-direction:column;flex-direction:row}.rax-scrollview-content-container-horizontal,.rax-scrollview-webcontainer{align-content:flex-start;border:0 solid #000;box-sizing:border-box;display:flex;flex-shrink:0;margin:0;min-width:0;padding:0}.rax-scrollview-webcontainer{display:block;flex-direction:column}
/*! normalize-scss | MIT/GPLv2 License | bit.ly/normalize-scss */button,hr,input{overflow:visible}[type=checkbox],[type=radio],legend{padding:0;box-sizing:border-box}audio,canvas,progress,video{display:inline-block}progress,sub,sup{vertical-align:baseline}.site-nav,sub,sup{position:relative}html{line-height:1.15;-ms-text-size-adjust:100%;-webkit-text-size-adjust:100%}article,aside,details,fi... (set the log level to DEBUG or TRACE to see the full content) 
 </msg>
<msg timestamp="20231129 01:12:27.465" level="INFO">C:\Users\user\AppData\Roaming\Python\Python312\site-packages\urllib3\connectionpool.py:1100: InsecureRequestWarning: Unverified HTTPS request is being made to host 'www.lazada.sg'. Adding certificate verification is strongly advised. See: https://urllib3.readthedocs.io/en/latest/advanced-usage.html#tls-warnings
  warnings.warn(</msg>
<msg timestamp="20231129 01:12:27.466" level="INFO">${response} = &lt;Response [200]&gt;</msg>
<status status="PASS" starttime="20231129 01:12:27.324" endtime="20231129 01:12:27.466"/>
</kw>
<kw name="Should Be Equal As Strings" library="BuiltIn">
<arg>${response.status_code}</arg>
<arg>200</arg>
<doc>Fails if objects are unequal after converting them to strings.</doc>
<msg timestamp="20231129 01:12:27.467" level="INFO">Argument types are:
&lt;class 'int'&gt;
&lt;class 'str'&gt;</msg>
<status status="PASS" starttime="20231129 01:12:27.466" endtime="20231129 01:12:27.467"/>
</kw>
<status status="PASS" starttime="20231129 01:12:27.323" endtime="20231129 01:12:27.467"/>
</kw>
<kw name="Open Browser" library="SeleniumLibrary">
<arg>${url}</arg>
<arg>chrome</arg>
<doc>Opens a new browser instance to the optional ``url``.</doc>
<msg timestamp="20231129 01:12:27.468" level="INFO">Opening browser 'chrome' to base url 'https://www.lazada.sg/'.</msg>
<status status="PASS" starttime="20231129 01:12:27.468" endtime="20231129 01:12:54.049"/>
</kw>
<kw name="Click Element" library="SeleniumLibrary">
<arg>${login_button}</arg>
<doc>Click the element identified by ``locator``.</doc>
<msg timestamp="20231129 01:12:54.050" level="INFO">Clicking element '//a[.//text() = 'login']'.</msg>
<status status="PASS" starttime="20231129 01:12:54.050" endtime="20231129 01:13:16.764"/>
</kw>
<kw name="Input Text" library="SeleniumLibrary">
<arg>locator=${email_input_02}</arg>
<arg>text=${email}</arg>
<doc>Types the given ``text`` into the text field identified by ``locator``.</doc>
<msg timestamp="20231129 01:13:16.766" level="INFO">Typing text 'basicEmailEver@gmail.com' into text field '//input[@placeholder='Please enter your Phone Number or Email']'.</msg>
<status status="PASS" starttime="20231129 01:13:16.765" endtime="20231129 01:13:17.365"/>
</kw>
<kw name="Sleep" library="BuiltIn">
<arg>2s</arg>
<doc>Pauses the test executed for the given time.</doc>
<msg timestamp="20231129 01:13:19.365" level="INFO">Slept 2 seconds</msg>
<status status="PASS" starttime="20231129 01:13:17.365" endtime="20231129 01:13:19.365"/>
</kw>
<kw name="Input Text" library="SeleniumLibrary">
<arg>locator=${password_input_02}</arg>
<arg>text=${password}</arg>
<doc>Types the given ``text`` into the text field identified by ``locator``.</doc>
<msg timestamp="20231129 01:13:19.366" level="INFO">Typing text 'P@55w0rd123@' into text field '//input[@placeholder='Please enter your password']'.</msg>
<status status="PASS" starttime="20231129 01:13:19.365" endtime="20231129 01:13:19.626"/>
</kw>
<kw name="Sleep" library="BuiltIn">
<arg>2s</arg>
<doc>Pauses the test executed for the given time.</doc>
<msg timestamp="20231129 01:13:21.627" level="INFO">Slept 2 seconds</msg>
<status status="PASS" starttime="20231129 01:13:19.627" endtime="20231129 01:13:21.627"/>
</kw>
<kw name="Pause Execution" library="Dialogs">
<doc>Pauses execution until user clicks ``Ok`` button.</doc>
<status status="PASS" starttime="20231129 01:13:21.627" endtime="20231129 01:13:36.829"/>
</kw>
<kw name="Close Browser" library="SeleniumLibrary">
<doc>Closes the current browser.</doc>
<status status="PASS" starttime="20231129 01:13:36.830" endtime="20231129 01:13:39.015"/>
</kw>
<doc>This is to fill in the login form and try to bypass the robot detection system using Pause Execution to manually slide/capcha</doc>
<status status="PASS" starttime="20231129 01:12:27.322" endtime="20231129 01:13:39.015"/>
</test>
<doc>Hanisah Test case of Create account and Login</doc>
<status status="PASS" starttime="20231129 01:11:04.950" endtime="20231129 01:13:39.016"/>
</suite>
<statistics>
<total>
<stat pass="2" fail="0" skip="0">All Tests</stat>
</total>
<tag>
</tag>
<suite>
<stat pass="2" fail="0" skip="0" id="s1" name="Createaccountnlogin">Createaccountnlogin</stat>
</suite>
</statistics>
<errors>
</errors>
</robot>
