<?xml version="1.0" encoding="UTF-8"?>
<robot generator="Robot 6.1.1 (Python 3.12.0 on win32)" generated="20231128 23:44:26.900" rpa="false" schemaversion="4">
<suite id="s1" name="createAccountNLogin" source="c:\Users\user\Desktop\NgeeAnn\FINALSEM\DOP\prac2\DevOps_Oct2023_TeamC_Prac2\createAccountNLogin\testCases\createAccountNLogin.robot">
<test id="s1-t1" name="Create Account" line="32">
<kw name="Open Browser" library="SeleniumLibrary">
<arg>${url}</arg>
<arg>chrome</arg>
<doc>Opens a new browser instance to the optional ``url``.</doc>
<msg timestamp="20231128 23:44:27.209" level="INFO">Opening browser 'chrome' to base url 'https://member.lazada.sg/user/register?signupType=email&amp;spm=a2o42.login_signup.header.d6.5b4b7a93bkx31d'.</msg>
<status status="PASS" starttime="20231128 23:44:27.208" endtime="20231128 23:44:51.627"/>
</kw>
<kw name="Click Element" library="SeleniumLibrary">
<arg>${month_dropdown}</arg>
<doc>Click the element identified by ``locator``.</doc>
<msg timestamp="20231128 23:44:51.629" level="INFO">Clicking element '//span[@id='month']'.</msg>
<status status="PASS" starttime="20231128 23:44:51.628" endtime="20231128 23:44:52.159"/>
</kw>
<kw name="Click Element" library="SeleniumLibrary">
<arg>${month}</arg>
<doc>Click the element identified by ``locator``.</doc>
<msg timestamp="20231128 23:44:52.161" level="INFO">Clicking element '//ul[@class='next-menu-content']/li[4]'.</msg>
<status status="PASS" starttime="20231128 23:44:52.160" endtime="20231128 23:44:52.263"/>
</kw>
<kw name="Click Element" library="SeleniumLibrary">
<arg>${day_dropdown}</arg>
<doc>Click the element identified by ``locator``.</doc>
<msg timestamp="20231128 23:44:52.264" level="INFO">Clicking element '//span[@id='day']'.</msg>
<status status="PASS" starttime="20231128 23:44:52.264" endtime="20231128 23:44:52.360"/>
</kw>
<kw name="Sleep" library="BuiltIn">
<arg>1</arg>
<doc>Pauses the test executed for the given time.</doc>
<msg timestamp="20231128 23:44:53.363" level="INFO">Slept 1 second</msg>
<status status="PASS" starttime="20231128 23:44:52.361" endtime="20231128 23:44:53.363"/>
</kw>
<kw name="Click Element" library="SeleniumLibrary">
<arg>${day}</arg>
<doc>Click the element identified by ``locator``.</doc>
<msg timestamp="20231128 23:44:53.363" level="INFO">Clicking element '//ul[@class='next-menu-content']/li[27]'.</msg>
<status status="PASS" starttime="20231128 23:44:53.363" endtime="20231128 23:44:53.415"/>
</kw>
<kw name="Click Element" library="SeleniumLibrary">
<arg>${year_dropdown}</arg>
<doc>Click the element identified by ``locator``.</doc>
<msg timestamp="20231128 23:44:53.417" level="INFO">Clicking element '//span[@id='year']'.</msg>
<status status="PASS" starttime="20231128 23:44:53.415" endtime="20231128 23:44:53.509"/>
</kw>
<kw name="Sleep" library="BuiltIn">
<arg>1</arg>
<doc>Pauses the test executed for the given time.</doc>
<msg timestamp="20231128 23:44:54.511" level="INFO">Slept 1 second</msg>
<status status="PASS" starttime="20231128 23:44:53.510" endtime="20231128 23:44:54.511"/>
</kw>
<kw name="Click Element" library="SeleniumLibrary">
<arg>${year}</arg>
<doc>Click the element identified by ``locator``.</doc>
<msg timestamp="20231128 23:44:54.512" level="INFO">Clicking element '//ul[@class='next-menu-content']/li[23]'.</msg>
<status status="PASS" starttime="20231128 23:44:54.511" endtime="20231128 23:44:54.594"/>
</kw>
<kw name="Click Element" library="SeleniumLibrary">
<arg>${gender_dropdown}</arg>
<doc>Click the element identified by ``locator``.</doc>
<msg timestamp="20231128 23:44:54.596" level="INFO">Clicking element '//span[@id='gender']'.</msg>
<status status="PASS" starttime="20231128 23:44:54.594" endtime="20231128 23:44:54.675"/>
</kw>
<kw name="Sleep" library="BuiltIn">
<arg>1</arg>
<doc>Pauses the test executed for the given time.</doc>
<msg timestamp="20231128 23:44:55.677" level="INFO">Slept 1 second</msg>
<status status="PASS" starttime="20231128 23:44:54.675" endtime="20231128 23:44:55.677"/>
</kw>
<kw name="Click Element" library="SeleniumLibrary">
<arg>${gender}</arg>
<doc>Click the element identified by ``locator``.</doc>
<msg timestamp="20231128 23:44:55.678" level="INFO">Clicking element '//ul[@class='next-menu-content']/li[2]'.</msg>
<status status="PASS" starttime="20231128 23:44:55.677" endtime="20231128 23:44:55.724"/>
</kw>
<kw name="Sleep" library="BuiltIn">
<arg>5</arg>
<doc>Pauses the test executed for the given time.</doc>
<msg timestamp="20231128 23:45:00.726" level="INFO">Slept 5 seconds</msg>
<status status="PASS" starttime="20231128 23:44:55.725" endtime="20231128 23:45:00.726"/>
</kw>
<kw name="Close Browser" library="SeleniumLibrary">
<doc>Closes the current browser.</doc>
<status status="PASS" starttime="20231128 23:45:00.727" endtime="20231128 23:45:02.989"/>
</kw>
<status status="PASS" starttime="20231128 23:44:27.206" endtime="20231128 23:45:02.990"/>
</test>
<doc>Hanisah Test case of Create account and Login - Fail, Success</doc>
<status status="PASS" starttime="20231128 23:44:26.905" endtime="20231128 23:45:02.992"/>
</suite>
<statistics>
<total>
<stat pass="1" fail="0" skip="0">All Tests</stat>
</total>
<tag>
</tag>
<suite>
<stat pass="1" fail="0" skip="0" id="s1" name="createAccountNLogin">createAccountNLogin</stat>
</suite>
</statistics>
<errors>
</errors>
</robot>
