<?xml version="1.0" encoding="UTF-8"?>
<robot generator="Robot 6.1.1 (Python 3.12.0 on win32)" generated="20231128 20:40:23.165" rpa="false" schemaversion="4">
<suite id="s1" name="Testcases" source="c:\Users\user\Desktop\NgeeAnn\FINALSEM\DOP\prac2\DevOps_Oct2023_TeamC_Prac2\testCases\testcases.robot">
<test id="s1-t1" name="URL Test" line="6">
<kw name="Open Browser" library="SeleniumLibrary">
<arg>https:\\www.lazada.sg</arg>
<arg>chrome</arg>
<doc>Opens a new browser instance to the optional ``url``.</doc>
<msg timestamp="20231128 20:40:23.489" level="INFO">Opening browser 'chrome' to base url 'https:\www.lazada.sg'.</msg>
<status status="PASS" starttime="20231128 20:40:23.488" endtime="20231128 20:40:48.490"/>
</kw>
<kw name="Title Should Be" library="SeleniumLibrary">
<arg>Lazada.sg: Online Shopping Singapore - Electronics, Home Appliances, Mobiles, Tablets &amp; more</arg>
<doc>Verifies that the current page title equals ``title``.</doc>
<msg timestamp="20231128 20:40:48.916" level="INFO">Page title is 'Lazada.sg: Online Shopping Singapore - Electronics, Home Appliances, Mobiles, Tablets &amp; more'.</msg>
<status status="PASS" starttime="20231128 20:40:48.496" endtime="20231128 20:40:48.916"/>
</kw>
<kw name="Location Should Be" library="SeleniumLibrary">
<arg>https://www.lazada.sg/</arg>
<doc>Verifies that the current URL is exactly ``url``.</doc>
<msg timestamp="20231128 20:40:49.117" level="INFO">Current location is 'https://www.lazada.sg/'.</msg>
<status status="PASS" starttime="20231128 20:40:48.917" endtime="20231128 20:40:49.117"/>
</kw>
<kw name="Close Browser" library="SeleniumLibrary">
<doc>Closes the current browser.</doc>
<status status="PASS" starttime="20231128 20:40:49.118" endtime="20231128 20:40:51.292"/>
</kw>
<doc>This is the test for Create Account</doc>
<status status="PASS" starttime="20231128 20:40:23.487" endtime="20231128 20:40:51.293"/>
</test>
<doc>Hanisah Test case of Create account and Login - Fail, Success</doc>
<status status="PASS" starttime="20231128 20:40:23.174" endtime="20231128 20:40:51.298"/>
</suite>
<statistics>
<total>
<stat pass="1" fail="0" skip="0">All Tests</stat>
</total>
<tag>
</tag>
<suite>
<stat pass="1" fail="0" skip="0" id="s1" name="Testcases">Testcases</stat>
</suite>
</statistics>
<errors>
</errors>
</robot>
